<?xml version="1.0" encoding="UTF-8"?>
<testng-results ignored="0" total="3" passed="2" failed="1" skipped="0">
  <reporter-output>
  </reporter-output>
  <suite started-at="2022-12-08T19:14:35 ICT" name="Default suite" finished-at="2022-12-08T19:15:23 ICT" duration-ms="48171">
    <groups>
    </groups>
    <test started-at="2022-12-08T19:14:35 ICT" name="Default test" finished-at="2022-12-08T19:15:23 ICT" duration-ms="48171">
      <class name="testng.insertTest">
        <test-method is-config="true" signature="init()[pri:0, instance:testng.insertTest@58ea606c]" started-at="2022-12-08T19:14:35 ICT" name="init" finished-at="2022-12-08T19:14:35 ICT" duration-ms="7" status="PASS">
          <reporter-output>
          </reporter-output>
        </test-method> <!-- init -->
        <test-method is-config="true" signature="setUp()[pri:0, instance:testng.insertTest@58ea606c]" started-at="2022-12-08T19:14:35 ICT" name="setUp" finished-at="2022-12-08T19:14:38 ICT" duration-ms="2174" status="PASS">
          <reporter-output>
          </reporter-output>
        </test-method> <!-- setUp -->
        <test-method signature="multipleLogin(java.lang.String,java.lang.String,java.lang.String,java.lang.String,java.lang.String)[pri:0, instance:testng.insertTest@58ea606c]" started-at="2022-12-08T19:14:38 ICT" name="multipleLogin" data-provider="InsertData" finished-at="2022-12-08T19:14:44 ICT" duration-ms="6568" status="FAIL">
          <params>
            <param index="0">
              <value>
                <![CDATA[a]]>
              </value>
            </param>
            <param index="1">
              <value>
                <![CDATA[123]]>
              </value>
            </param>
            <param index="2">
              <value>
                <![CDATA[duy]]>
              </value>
            </param>
            <param index="3">
              <value>
                <![CDATA[duy@gmail.com]]>
              </value>
            </param>
            <param index="4">
              <value>
                <![CDATA[Thêm thành công]]>
              </value>
            </param>
          </params>
          <exception class="java.lang.AssertionError">
            <message>
              <![CDATA[expected [Thêm thất bại] but found [Thêm thành công]]]>
            </message>
            <full-stacktrace>
              <![CDATA[java.lang.AssertionError: expected [Thêm thất bại] but found [Thêm thành công]
at org.testng.Assert.fail(Assert.java:99)
at org.testng.Assert.failNotEquals(Assert.java:1037)
at org.testng.Assert.assertEqualsImpl(Assert.java:140)
at org.testng.Assert.assertEquals(Assert.java:122)
at org.testng.Assert.assertEquals(Assert.java:629)
at org.testng.Assert.assertEquals(Assert.java:639)
at testng.insertTest.multipleLogin(insertTest.java:114)
at java.base/jdk.internal.reflect.NativeMethodAccessorImpl.invoke0(Native Method)
at java.base/jdk.internal.reflect.NativeMethodAccessorImpl.invoke(NativeMethodAccessorImpl.java:78)
at java.base/jdk.internal.reflect.DelegatingMethodAccessorImpl.invoke(DelegatingMethodAccessorImpl.java:43)
at java.base/java.lang.reflect.Method.invoke(Method.java:567)
at org.testng.internal.MethodInvocationHelper.invokeMethod(MethodInvocationHelper.java:133)
at org.testng.internal.TestInvoker.invokeMethod(TestInvoker.java:598)
at org.testng.internal.TestInvoker.invokeTestMethod(TestInvoker.java:173)
at org.testng.internal.MethodRunner.runInSequence(MethodRunner.java:46)
at org.testng.internal.TestInvoker$MethodInvocationAgent.invoke(TestInvoker.java:824)
at org.testng.internal.TestInvoker.invokeTestMethods(TestInvoker.java:146)
at org.testng.internal.TestMethodWorker.invokeTestMethods(TestMethodWorker.java:146)
at org.testng.internal.TestMethodWorker.run(TestMethodWorker.java:128)
at java.base/java.util.ArrayList.forEach(ArrayList.java:1511)
at org.testng.TestRunner.privateRun(TestRunner.java:794)
at org.testng.TestRunner.run(TestRunner.java:596)
at org.testng.SuiteRunner.runTest(SuiteRunner.java:377)
at org.testng.SuiteRunner.runSequentially(SuiteRunner.java:371)
at org.testng.SuiteRunner.privateRun(SuiteRunner.java:332)
at org.testng.SuiteRunner.run(SuiteRunner.java:276)
at org.testng.SuiteRunnerWorker.runSuite(SuiteRunnerWorker.java:53)
at org.testng.SuiteRunnerWorker.run(SuiteRunnerWorker.java:96)
at org.testng.TestNG.runSuitesSequentially(TestNG.java:1212)
at org.testng.TestNG.runSuitesLocally(TestNG.java:1134)
at org.testng.TestNG.runSuites(TestNG.java:1063)
at org.testng.TestNG.run(TestNG.java:1031)
at org.testng.remote.AbstractRemoteTestNG.run(AbstractRemoteTestNG.java:115)
at org.testng.remote.RemoteTestNG.initAndRun(RemoteTestNG.java:251)
at org.testng.remote.RemoteTestNG.main(RemoteTestNG.java:77)
]]>
            </full-stacktrace>
          </exception> <!-- java.lang.AssertionError -->
          <reporter-output>
          </reporter-output>
        </test-method> <!-- multipleLogin -->
        <test-method is-config="true" signature="tearDown(org.testng.ITestResult)[pri:0, instance:testng.insertTest@58ea606c]" started-at="2022-12-08T19:14:44 ICT" name="tearDown" finished-at="2022-12-08T19:15:01 ICT" duration-ms="16631" status="PASS">
          <params>
            <param index="0">
              <value>
                <![CDATA[[TestResult name=multipleLogin status=FAILURE method=insertTest.multipleLogin(java.lang.String,java.lang.String,java.lang.String,java.lang.String,java.lang.String)[pri:0, instance:testng.insertTest@58ea606c] output={null}]]]>
              </value>
            </param>
          </params>
          <reporter-output>
          </reporter-output>
        </test-method> <!-- tearDown -->
        <test-method is-config="true" signature="setUp()[pri:0, instance:testng.insertTest@58ea606c]" started-at="2022-12-08T19:15:01 ICT" name="setUp" finished-at="2022-12-08T19:15:02 ICT" duration-ms="1245" status="PASS">
          <reporter-output>
          </reporter-output>
        </test-method> <!-- setUp -->
        <test-method signature="multipleLogin(java.lang.String,java.lang.String,java.lang.String,java.lang.String,java.lang.String)[pri:0, instance:testng.insertTest@58ea606c]" started-at="2022-12-08T19:15:02 ICT" name="multipleLogin" data-provider="InsertData" finished-at="2022-12-08T19:15:08 ICT" duration-ms="6350" status="PASS">
          <params>
            <param index="0">
              <value>
                <![CDATA[abc]]>
              </value>
            </param>
            <param index="1">
              <value>
                <![CDATA[123]]>
              </value>
            </param>
            <param index="2">
              <value>
                <![CDATA[duy]]>
              </value>
            </param>
            <param index="3">
              <value>
                <![CDATA[duy@gmail.com]]>
              </value>
            </param>
            <param index="4">
              <value>
                <![CDATA[Thêm thất bại]]>
              </value>
            </param>
          </params>
          <reporter-output>
          </reporter-output>
        </test-method> <!-- multipleLogin -->
        <test-method is-config="true" signature="tearDown(org.testng.ITestResult)[pri:0, instance:testng.insertTest@58ea606c]" started-at="2022-12-08T19:15:08 ICT" name="tearDown" finished-at="2022-12-08T19:15:09 ICT" duration-ms="262" status="PASS">
          <params>
            <param index="0">
              <value>
                <![CDATA[[TestResult name=multipleLogin status=SUCCESS method=insertTest.multipleLogin(java.lang.String,java.lang.String,java.lang.String,java.lang.String,java.lang.String)[pri:0, instance:testng.insertTest@58ea606c] output={null}]]]>
              </value>
            </param>
          </params>
          <reporter-output>
          </reporter-output>
        </test-method> <!-- tearDown -->
        <test-method is-config="true" signature="setUp()[pri:0, instance:testng.insertTest@58ea606c]" started-at="2022-12-08T19:15:09 ICT" name="setUp" finished-at="2022-12-08T19:15:11 ICT" duration-ms="1843" status="PASS">
          <reporter-output>
          </reporter-output>
        </test-method> <!-- setUp -->
        <test-method signature="multipleLogin(java.lang.String,java.lang.String,java.lang.String,java.lang.String,java.lang.String)[pri:0, instance:testng.insertTest@58ea606c]" started-at="2022-12-08T19:15:11 ICT" name="multipleLogin" data-provider="InsertData" finished-at="2022-12-08T19:15:22 ICT" duration-ms="11788" status="PASS">
          <params>
            <param index="0">
              <value>
                <![CDATA[a]]>
              </value>
            </param>
            <param index="1">
              <value>
                <![CDATA[123]]>
              </value>
            </param>
            <param index="2">
              <value>
                <![CDATA[duy]]>
              </value>
            </param>
            <param index="3">
              <value>
                <![CDATA[duy@gmail.com]]>
              </value>
            </param>
            <param index="4">
              <value>
                <![CDATA[Thêm thất bại]]>
              </value>
            </param>
          </params>
          <reporter-output>
          </reporter-output>
        </test-method> <!-- multipleLogin -->
        <test-method is-config="true" signature="tearDown(org.testng.ITestResult)[pri:0, instance:testng.insertTest@58ea606c]" started-at="2022-12-08T19:15:22 ICT" name="tearDown" finished-at="2022-12-08T19:15:23 ICT" duration-ms="271" status="PASS">
          <params>
            <param index="0">
              <value>
                <![CDATA[[TestResult name=multipleLogin status=SUCCESS method=insertTest.multipleLogin(java.lang.String,java.lang.String,java.lang.String,java.lang.String,java.lang.String)[pri:0, instance:testng.insertTest@58ea606c] output={null}]]]>
              </value>
            </param>
          </params>
          <reporter-output>
          </reporter-output>
        </test-method> <!-- tearDown -->
        <test-method is-config="true" signature="destroy()[pri:0, instance:testng.insertTest@58ea606c]" started-at="2022-12-08T19:15:23 ICT" name="destroy" finished-at="2022-12-08T19:15:23 ICT" duration-ms="414" status="PASS">
          <reporter-output>
          </reporter-output>
        </test-method> <!-- destroy -->
      </class> <!-- testng.insertTest -->
    </test> <!-- Default test -->
  </suite> <!-- Default suite -->
</testng-results>
